<?xml version="1.0" encoding="UTF-8"?>
<!-- Generated by org.testng.reporters.JUnitXMLReporter -->
<testsuite hostname="TYSS-Vijayalaxmi" ignored="2" name="chome" tests="2" failures="0" timestamp="2022-11-10T16:01:54 IST" time="42.45" errors="0">
  <testcase name="createOrganization" time="13.178" classname="Organization_Module.CreateOrganizationTest"/>
  <testcase name="createOrgWithIndUsingPOM" time="12.324" classname="Organization_Module.CreateOrgWithIndUsingPOM"/>
  <testcase name="@BeforeSuite connectToDB" time="0.0" classname="com.SDET43.GenericLibraries.BaseClass">
    <ignored/>
  </testcase> <!-- @BeforeSuite connectToDB -->
  <testcase name="@AfterSuite closeDB" time="0.0" classname="com.SDET43.GenericLibraries.BaseClass">
    <ignored/>
  </testcase> <!-- @AfterSuite closeDB -->
</testsuite> <!-- chome -->
