<?xml version="1.0" encoding="UTF-8"?>
<!-- Generated by org.testng.reporters.JUnitXMLReporter -->
<testsuite hostname="TYSS-Vijayalaxmi" ignored="2" name="TestRunner-1" tests="2" failures="0" timestamp="2022-11-11T10:33:35 IST" time="39.031" errors="0">
  <testcase name="createOrgWithIndUsingPOM" time="9.256" classname="Organization_Module.CreateOrgWithIndUsingPOM"/>
  <testcase name="createContactUsingOrgNameTest" time="17.21" classname="Contacts_Module.CreateContactUsingOrgNameTest"/>
  <testcase name="@BeforeSuite connectToDB" time="0.0" classname="com.SDET43.GenericLibraries.BaseClass">
    <ignored/>
  </testcase> <!-- @BeforeSuite connectToDB -->
  <testcase name="@AfterSuite closeDB" time="0.0" classname="com.SDET43.GenericLibraries.BaseClass">
    <ignored/>
  </testcase> <!-- @AfterSuite closeDB -->
</testsuite> <!-- TestRunner-1 -->
