<?xml version="1.0" encoding="UTF-8"?>
<!-- Generated by org.testng.reporters.JUnitReportReporter -->
<testsuite skipped="0" hostname="TYSS-Vijayalaxmi" name="Practice_Package.DataProvide" tests="2" failures="0" timestamp="2022-11-08T12:07:59 IST" time="0.007" errors="0">
  <testcase name="travelling" time="0.000" classname="Practice_Package.DataProvide"/>
  <system-out/>
  <testcase name="travelling" time="0.007" classname="Practice_Package.DataProvide"/>
  <system-out/>
</testsuite> <!-- Practice_Package.DataProvide -->
