<?xml version="1.0" encoding="UTF-8"?>
<!-- Generated by org.testng.reporters.JUnitReportReporter -->
<testsuite skipped="0" hostname="TYSS-Vijayalaxmi" name="Practice_Package.Sample1Test" tests="2" failures="0" timestamp="2022-11-17T11:40:53 IST" time="0.010" errors="0">
  <testcase name="script1" time="0.010" classname="Practice_Package.Sample1Test"/>
  <system-out/>
  <testcase name="script2" time="0.000" classname="Practice_Package.Sample1Test"/>
  <system-out/>
</testsuite> <!-- Practice_Package.Sample1Test -->
