<?xml version="1.0" encoding="UTF-8"?>
<!-- Generated by org.testng.reporters.JUnitReportReporter -->
<testsuite skipped="0" hostname="TYSS-Vijayalaxmi" name="Practice_Package.CreateCustomerTest" tests="2" failures="0" timestamp="2022-11-08T17:21:00 IST" time="0.008" errors="0">
  <testcase name="createContact" time="0.004" classname="Practice_Package.CreateCustomerTest"/>
  <system-out/>
  <testcase name="createOrg" time="0.004" classname="Practice_Package.CreateCustomerTest"/>
  <system-out/>
</testsuite> <!-- Practice_Package.CreateCustomerTest -->
