<?xml version="1.0" encoding="UTF-8"?>
<!-- Generated by org.testng.reporters.JUnitReportReporter -->
<testsuite skipped="0" hostname="TYSS-Vijayalaxmi" name="Practice_Package.Sample1" tests="2" failures="0" timestamp="2022-11-09T16:47:32 IST" time="0.002" errors="0">
  <testcase name="script1" time="0.001" classname="Practice_Package.Sample1"/>
  <system-out/>
  <testcase name="script2" time="0.001" classname="Practice_Package.Sample1"/>
  <system-out/>
</testsuite> <!-- Practice_Package.Sample1 -->
