<?xml version="1.0" encoding="UTF-8"?>
<!-- Generated by org.testng.reporters.JUnitReportReporter -->
<testsuite skipped="0" hostname="TYSS-Vijayalaxmi" name="Practice_Package.PracticeAnnotationsTest" tests="2" failures="0" timestamp="2022-11-08T15:59:28 IST" time="0.009" errors="0">
  <testcase name="createContact" time="0.007" classname="Practice_Package.PracticeAnnotationsTest"/>
  <system-out/>
  <testcase name="createOrg" time="0.002" classname="Practice_Package.PracticeAnnotationsTest"/>
  <system-out/>
</testsuite> <!-- Practice_Package.PracticeAnnotationsTest -->
