<?xml version="1.0" encoding="UTF-8"?>
<!-- Generated by org.testng.reporters.JUnitReportReporter -->
<testsuite skipped="0" hostname="TYSS-Vijayalaxmi" name="Practice_Package.DataP" tests="3" failures="0" timestamp="2022-11-07T23:48:29 IST" time="0.006" errors="0">
  <testcase name="multipleData" time="0.001" classname="Practice_Package.DataP"/>
  <system-out/>
  <testcase name="multipleData" time="0.004" classname="Practice_Package.DataP"/>
  <system-out/>
  <testcase name="multipleData" time="0.001" classname="Practice_Package.DataP"/>
  <system-out/>
</testsuite> <!-- Practice_Package.DataP -->
