<?xml version="1.0" encoding="UTF-8"?>
<!-- Generated by org.testng.reporters.JUnitReportReporter -->
<testsuite skipped="0" hostname="TYSS-Vijayalaxmi" name="Practice_Package.Sample2" tests="2" failures="0" timestamp="2022-11-10T16:15:44 IST" time="0.001" errors="0">
  <testcase name="script3" time="0.001" classname="Practice_Package.Sample2"/>
  <system-out/>
  <testcase name="script4" time="0.000" classname="Practice_Package.Sample2"/>
  <system-out/>
</testsuite> <!-- Practice_Package.Sample2 -->
