<?xml version="1.0" encoding="UTF-8"?>
<!-- Generated by org.testng.reporters.JUnitReportReporter -->
<testsuite skipped="0" hostname="TYSS-Vijayalaxmi" name="Practice_Package.DataProvider_FromExcel" tests="5" failures="0" timestamp="2023-01-08T20:22:20 IST" time="0.008" errors="0">
  <testcase name="teavel" time="0.001" classname="Practice_Package.DataProvider_FromExcel"/>
  <system-out/>
  <testcase name="teavel" time="0.001" classname="Practice_Package.DataProvider_FromExcel"/>
  <system-out/>
  <testcase name="teavel" time="0.001" classname="Practice_Package.DataProvider_FromExcel"/>
  <system-out/>
  <testcase name="teavel" time="0.001" classname="Practice_Package.DataProvider_FromExcel"/>
  <system-out/>
  <testcase name="teavel" time="0.004" classname="Practice_Package.DataProvider_FromExcel"/>
  <system-out/>
</testsuite> <!-- Practice_Package.DataProvider_FromExcel -->
