<?xml version="1.0" encoding="UTF-8"?>
<!-- Generated by org.testng.reporters.JUnitReportReporter -->
<testsuite skipped="0" hostname="TYSS-Vijayalaxmi" name="Practice_Package.Sample4" tests="2" failures="0" timestamp="2022-11-09T16:47:32 IST" time="0.001" errors="0">
  <testcase name="script8" time="0.001" classname="Practice_Package.Sample4"/>
  <system-out/>
  <testcase name="script7" time="0.000" classname="Practice_Package.Sample4"/>
  <system-out/>
</testsuite> <!-- Practice_Package.Sample4 -->
